<?xml version="1.0" encoding="UTF-8"?>
<!-- Generated by org.testng.reporters.JUnitXMLReporter -->
<testsuite ignored="0" hostname="SUKANNYAG-WIN10" failures="0" tests="4" name="Default test" time="7.124" errors="0" timestamp="2022-08-11T21:15:21 IST">
  <testcase classname="GetTest.GET" name="get" time="3.985"/>
  <testcase classname="GetTest.GET" name="post" time="1.268"/>
  <testcase classname="GetTest.GET" name="delete" time="0.71"/>
  <testcase classname="GetTest.GET" name="put" time="0.611"/>
</testsuite> <!-- Default test -->
