<?xml version="1.0" encoding="UTF-8"?>
<testng-results ignored="0" total="4" passed="4" failed="0" skipped="0">
  <reporter-output>
  </reporter-output>
  <suite started-at="2022-08-11T21:15:14 IST" name="Default suite" finished-at="2022-08-11T21:15:21 IST" duration-ms="7124">
    <groups>
    </groups>
    <test started-at="2022-08-11T21:15:14 IST" name="Default test" finished-at="2022-08-11T21:15:21 IST" duration-ms="7124">
      <class name="GetTest.GET">
        <test-method is-config="true" signature="setup()[pri:0, instance:GetTest.GET@6bedbc4d]" started-at="2022-08-11T21:15:14 IST" name="setup" finished-at="2022-08-11T21:15:15 IST" duration-ms="506" status="PASS">
          <reporter-output>
          </reporter-output>
        </test-method> <!-- setup -->
        <test-method signature="get()[pri:1, instance:GetTest.GET@6bedbc4d]" started-at="2022-08-11T21:15:15 IST" name="get" finished-at="2022-08-11T21:15:19 IST" duration-ms="3985" status="PASS">
          <reporter-output>
          </reporter-output>
        </test-method> <!-- get -->
        <test-method signature="post()[pri:2, instance:GetTest.GET@6bedbc4d]" started-at="2022-08-11T21:15:19 IST" name="post" finished-at="2022-08-11T21:15:20 IST" duration-ms="1268" status="PASS">
          <reporter-output>
          </reporter-output>
        </test-method> <!-- post -->
        <test-method signature="delete()[pri:3, instance:GetTest.GET@6bedbc4d]" started-at="2022-08-11T21:15:20 IST" name="delete" finished-at="2022-08-11T21:15:21 IST" duration-ms="710" status="PASS">
          <reporter-output>
          </reporter-output>
        </test-method> <!-- delete -->
        <test-method signature="put()[pri:4, instance:GetTest.GET@6bedbc4d]" started-at="2022-08-11T21:15:21 IST" name="put" finished-at="2022-08-11T21:15:21 IST" duration-ms="611" status="PASS">
          <reporter-output>
          </reporter-output>
        </test-method> <!-- put -->
      </class> <!-- GetTest.GET -->
    </test> <!-- Default test -->
  </suite> <!-- Default suite -->
</testng-results>
